<?xml version="1.0" encoding="UTF-8"?>
<!-- Generated by org.testng.reporters.JUnitReportReporter -->
<testsuite hostname="Davids-MacBook-M1-Pro.local" failures="0" tests="1" name="tests.LoginTest" time="2.544" errors="0" timestamp="2023-08-08T17:13:39 PDT" skipped="0">
  <testcase classname="tests.LoginTest" name="login" time="2.544"/>
</testsuite> <!-- tests.LoginTest -->
